<?xml version="1.0" encoding="UTF-8"?>
<!-- Generated by org.testng.reporters.JUnitReportReporter -->
<testsuite skipped="0" hostname="DESKTOP-FN3AUV7" name="com.bitm.SeleniumOnlineProject.Test.LoginTest" tests="2" failures="0" timestamp="2020-10-28T02:40:29 BDT" time="15.431" errors="0">
  <testcase name="CheckLoginPageTitle" time="11.001" classname="com.bitm.SeleniumOnlineProject.Test.LoginTest"/>
  <system-out/>
  <testcase name="Login" time="4.430" classname="com.bitm.SeleniumOnlineProject.Test.LoginTest"/>
  <system-out/>
</testsuite> <!-- com.bitm.SeleniumOnlineProject.Test.LoginTest -->
