<?xml version="1.0" encoding="UTF-8"?>
<!-- Generated by org.testng.reporters.JUnitReportReporter -->
<testsuite skipped="0" hostname="DESKTOP-FN3AUV7" name="com.bitm.SeleniumOnlineProject.Test.LoginTest" tests="2" failures="0" timestamp="2020-10-27T01:55:56 BDT" time="24.860" errors="0">
  <testcase name="Login" time="9.239" classname="com.bitm.SeleniumOnlineProject.Test.LoginTest"/>
  <system-out/>
  <testcase name="CheckLoginPageTitle" time="15.621" classname="com.bitm.SeleniumOnlineProject.Test.LoginTest"/>
  <system-out/>
</testsuite> <!-- com.bitm.SeleniumOnlineProject.Test.LoginTest -->
