<?xml version="1.0" encoding="UTF-8"?>
<!-- Generated by org.testng.reporters.JUnitReportReporter -->
<testsuite skipped="0" hostname="DESKTOP-FN3AUV7" name="com.bitm.SeleniumOnlineProject.Test.AssignLeave" tests="2" failures="0" timestamp="2020-10-27T01:52:33 BDT" time="22.981" errors="0">
  <testcase name="Login" time="8.829" classname="com.bitm.SeleniumOnlineProject.Test.AssignLeave"/>
  <system-out/>
  <testcase name="CheckLoginPageTitle" time="14.152" classname="com.bitm.SeleniumOnlineProject.Test.AssignLeave"/>
  <system-out/>
</testsuite> <!-- com.bitm.SeleniumOnlineProject.Test.AssignLeave -->
