<?xml version="1.0" encoding="UTF-8"?>
<!-- Generated by org.testng.reporters.JUnitReportReporter -->
<testsuite skipped="0" hostname="DESKTOP-FN3AUV7" name="com.bitm.SeleniumOnlineProject.Utils.DriverManager" tests="1" failures="0" timestamp="2020-10-27T00:46:04 BDT" time="0.011" errors="0">
  <testcase name="DriverManagerTest" time="0.011" classname="com.bitm.SeleniumOnlineProject.Utils.DriverManager"/>
  <system-out/>
</testsuite> <!-- com.bitm.SeleniumOnlineProject.Utils.DriverManager -->
